1650638766.186795 client started (184999): version 2.6, socket /tmp/tmux-0/default, protocol 8
1650638766.186947 on Linux 4.15.0-175-generic #184-Ubuntu SMP Thu Mar 24 17:48:36 UTC 2022; libevent 2.1.8-stable (poll)
1650638766.187078 socket is /tmp/tmux-0/default
1650638766.187190 trying connect
1650638766.187684 add peer 0x564d7854b260: 6 ((nil))
1650638766.187884 sending message 100 to peer 0x564d7854b260 (4 bytes)
1650638766.188025 sending message 101 to peer 0x564d7854b260 (15 bytes)
1650638766.188113 sending message 102 to peer 0x564d7854b260 (12 bytes)
1650638766.188267 sending message 108 to peer 0x564d7854b260 (24 bytes)
1650638766.188354 sending message 104 to peer 0x564d7854b260 (0 bytes)
1650638766.188436 sending message 107 to peer 0x564d7854b260 (4 bytes)
1650638766.188541 sending message 105 to peer 0x564d7854b260 (14 bytes)
1650638766.188663 sending message 105 to peer 0x564d7854b260 (62 bytes)
1650638766.188750 sending message 105 to peer 0x564d7854b260 (37 bytes)
1650638766.188825 sending message 105 to peer 0x564d7854b260 (39 bytes)
1650638766.189207 sending message 105 to peer 0x564d7854b260 (44 bytes)
1650638766.189221 sending message 105 to peer 0x564d7854b260 (52 bytes)
1650638766.189465 sending message 105 to peer 0x564d7854b260 (28 bytes)
1650638766.189618 sending message 105 to peer 0x564d7854b260 (58 bytes)
1650638766.189819 sending message 105 to peer 0x564d7854b260 (53 bytes)
1650638766.190021 sending message 105 to peer 0x564d7854b260 (17 bytes)
1650638766.190122 sending message 105 to peer 0x564d7854b260 (22 bytes)
1650638766.190201 sending message 105 to peer 0x564d7854b260 (45 bytes)
1650638766.190311 sending message 105 to peer 0x564d7854b260 (37 bytes)
1650638766.190411 sending message 105 to peer 0x564d7854b260 (20 bytes)
1650638766.190538 sending message 105 to peer 0x564d7854b260 (33 bytes)
1650638766.190695 sending message 105 to peer 0x564d7854b260 (20 bytes)
1650638766.190788 sending message 105 to peer 0x564d7854b260 (41 bytes)
1650638766.190879 sending message 105 to peer 0x564d7854b260 (25 bytes)
1650638766.190970 sending message 105 to peer 0x564d7854b260 (31 bytes)
1650638766.191062 sending message 105 to peer 0x564d7854b260 (19 bytes)
1650638766.191157 sending message 105 to peer 0x564d7854b260 (38 bytes)
1650638766.191230 sending message 105 to peer 0x564d7854b260 (27 bytes)
1650638766.191317 sending message 105 to peer 0x564d7854b260 (39 bytes)
1650638766.191411 sending message 105 to peer 0x564d7854b260 (95 bytes)
1650638766.191538 sending message 105 to peer 0x564d7854b260 (7 bytes)
1650638766.191698 sending message 105 to peer 0x564d7854b260 (23 bytes)
1650638766.191795 sending message 105 to peer 0x564d7854b260 (10 bytes)
1650638766.191897 sending message 105 to peer 0x564d7854b260 (32 bytes)
1650638766.191978 sending message 105 to peer 0x564d7854b260 (22 bytes)
1650638766.192078 sending message 105 to peer 0x564d7854b260 (43 bytes)
1650638766.192158 sending message 105 to peer 0x564d7854b260 (29 bytes)
1650638766.192248 sending message 105 to peer 0x564d7854b260 (40 bytes)
1650638766.192362 sending message 105 to peer 0x564d7854b260 (21 bytes)
1650638766.192442 sending message 105 to peer 0x564d7854b260 (28 bytes)
1650638766.192513 sending message 105 to peer 0x564d7854b260 (59 bytes)
1650638766.192629 sending message 105 to peer 0x564d7854b260 (11 bytes)
1650638766.192724 sending message 105 to peer 0x564d7854b260 (45 bytes)
1650638766.192794 sending message 105 to peer 0x564d7854b260 (15 bytes)
1650638766.193862 sending message 105 to peer 0x564d7854b260 (97 bytes)
1650638766.193910 sending message 105 to peer 0x564d7854b260 (95 bytes)
1650638766.194248 sending message 105 to peer 0x564d7854b260 (43 bytes)
1650638766.194379 sending message 105 to peer 0x564d7854b260 (20 bytes)
1650638766.194535 sending message 105 to peer 0x564d7854b260 (38 bytes)
1650638766.194631 sending message 105 to peer 0x564d7854b260 (44 bytes)
1650638766.194711 sending message 105 to peer 0x564d7854b260 (192 bytes)
1650638766.194792 sending message 105 to peer 0x564d7854b260 (35 bytes)
1650638766.195129 sending message 105 to peer 0x564d7854b260 (28 bytes)
1650638766.195346 sending message 105 to peer 0x564d7854b260 (46 bytes)
1650638766.195490 sending message 105 to peer 0x564d7854b260 (54 bytes)
1650638766.195592 sending message 105 to peer 0x564d7854b260 (11 bytes)
1650638766.195683 sending message 105 to peer 0x564d7854b260 (39 bytes)
1650638766.195778 sending message 105 to peer 0x564d7854b260 (31 bytes)
1650638766.195915 sending message 105 to peer 0x564d7854b260 (78 bytes)
1650638766.196041 sending message 105 to peer 0x564d7854b260 (21 bytes)
1650638766.196133 sending message 105 to peer 0x564d7854b260 (41 bytes)
1650638766.196232 sending message 105 to peer 0x564d7854b260 (60 bytes)
1650638766.196334 sending message 105 to peer 0x564d7854b260 (31 bytes)
1650638766.196425 sending message 105 to peer 0x564d7854b260 (34 bytes)
1650638766.196547 sending message 105 to peer 0x564d7854b260 (38 bytes)
1650638766.196654 sending message 105 to peer 0x564d7854b260 (20 bytes)
1650638766.196766 sending message 105 to peer 0x564d7854b260 (126 bytes)
1650638766.198186 sending message 105 to peer 0x564d7854b260 (49 bytes)
1650638766.198285 sending message 105 to peer 0x564d7854b260 (33 bytes)
1650638766.198425 sending message 105 to peer 0x564d7854b260 (20 bytes)
1650638766.198516 sending message 105 to peer 0x564d7854b260 (16 bytes)
1650638766.198591 sending message 105 to peer 0x564d7854b260 (33 bytes)
1650638766.198621 sending message 105 to peer 0x564d7854b260 (22 bytes)
1650638766.198649 sending message 105 to peer 0x564d7854b260 (21 bytes)
1650638766.198660 sending message 105 to peer 0x564d7854b260 (43 bytes)
1650638766.198672 sending message 105 to peer 0x564d7854b260 (39 bytes)
1650638766.198685 sending message 105 to peer 0x564d7854b260 (8 bytes)
1650638766.198696 sending message 105 to peer 0x564d7854b260 (54 bytes)
1650638766.198713 sending message 105 to peer 0x564d7854b260 (36 bytes)
1650638766.198730 sending message 105 to peer 0x564d7854b260 (26 bytes)
1650638766.198744 sending message 105 to peer 0x564d7854b260 (136 bytes)
1650638766.198756 sending message 105 to peer 0x564d7854b260 (26 bytes)
1650638766.198769 sending message 105 to peer 0x564d7854b260 (29 bytes)
1650638766.198781 sending message 105 to peer 0x564d7854b260 (17 bytes)
1650638766.198793 sending message 105 to peer 0x564d7854b260 (13 bytes)
1650638766.198805 sending message 105 to peer 0x564d7854b260 (36 bytes)
1650638766.198817 sending message 105 to peer 0x564d7854b260 (109 bytes)
1650638766.198830 sending message 105 to peer 0x564d7854b260 (32 bytes)
1650638766.198843 sending message 105 to peer 0x564d7854b260 (32 bytes)
1650638766.198857 sending message 105 to peer 0x564d7854b260 (35 bytes)
1650638766.198872 sending message 105 to peer 0x564d7854b260 (35 bytes)
1650638766.198887 sending message 105 to peer 0x564d7854b260 (35 bytes)
1650638766.198900 sending message 105 to peer 0x564d7854b260 (333 bytes)
1650638766.198916 sending message 105 to peer 0x564d7854b260 (76 bytes)
1650638766.198957 sending message 105 to peer 0x564d7854b260 (24 bytes)
1650638766.198968 sending message 105 to peer 0x564d7854b260 (16 bytes)
1650638766.198979 sending message 105 to peer 0x564d7854b260 (30 bytes)
1650638766.198993 sending message 105 to peer 0x564d7854b260 (39 bytes)
1650638766.199007 sending message 105 to peer 0x564d7854b260 (31 bytes)
1650638766.199017 sending message 105 to peer 0x564d7854b260 (19 bytes)
1650638766.199028 sending message 105 to peer 0x564d7854b260 (16 bytes)
1650638766.199044 sending message 105 to peer 0x564d7854b260 (16 bytes)
1650638766.199057 sending message 106 to peer 0x564d7854b260 (0 bytes)
1650638766.199069 sending message 200 to peer 0x564d7854b260 (4 bytes)
1650638766.199081 client loop enter
1650638766.206020 peer 0x564d7854b260 message 207
1650638766.206115 sending message 208 to peer 0x564d7854b260 (0 bytes)
1650638771.642225 peer 0x564d7854b260 message 201
1650638771.642317 sending message 205 to peer 0x564d7854b260 (0 bytes)
1650638771.642919 peer 0x564d7854b260 message 204
1650638771.642958 client loop exit
