1648703929.390566 client started (20997): version 2.6, socket /tmp/tmux-0/default, protocol 8
1648703929.390592 on Linux 4.15.0-162-generic #170-Ubuntu SMP Mon Oct 18 11:38:05 UTC 2021; libevent 2.1.8-stable (poll)
1648703929.390607 socket is /tmp/tmux-0/default
1648703929.390620 trying connect
1648703929.390809 add peer 0x55aafd188d20: 6 ((nil))
1648703929.393736 sending message 100 to peer 0x55aafd188d20 (4 bytes)
1648703929.395853 sending message 101 to peer 0x55aafd188d20 (15 bytes)
1648703929.395862 sending message 102 to peer 0x55aafd188d20 (11 bytes)
1648703929.395868 sending message 108 to peer 0x55aafd188d20 (31 bytes)
1648703929.395876 sending message 104 to peer 0x55aafd188d20 (0 bytes)
1648703929.395884 sending message 107 to peer 0x55aafd188d20 (4 bytes)
1648703929.398108 sending message 105 to peer 0x55aafd188d20 (14 bytes)
1648703929.398117 sending message 105 to peer 0x55aafd188d20 (62 bytes)
1648703929.398124 sending message 105 to peer 0x55aafd188d20 (37 bytes)
1648703929.398130 sending message 105 to peer 0x55aafd188d20 (39 bytes)
1648703929.398138 sending message 105 to peer 0x55aafd188d20 (45 bytes)
1648703929.400336 sending message 105 to peer 0x55aafd188d20 (51 bytes)
1648703929.400343 sending message 105 to peer 0x55aafd188d20 (29 bytes)
1648703929.400350 sending message 105 to peer 0x55aafd188d20 (59 bytes)
1648703929.400356 sending message 105 to peer 0x55aafd188d20 (54 bytes)
1648703929.400366 sending message 105 to peer 0x55aafd188d20 (17 bytes)
1648703929.406415 sending message 105 to peer 0x55aafd188d20 (22 bytes)
1648703929.406430 sending message 105 to peer 0x55aafd188d20 (46 bytes)
1648703929.406441 sending message 105 to peer 0x55aafd188d20 (38 bytes)
1648703929.406453 sending message 105 to peer 0x55aafd188d20 (20 bytes)
1648703929.408487 sending message 105 to peer 0x55aafd188d20 (33 bytes)
1648703929.408494 sending message 105 to peer 0x55aafd188d20 (20 bytes)
1648703929.408501 sending message 105 to peer 0x55aafd188d20 (41 bytes)
1648703929.408507 sending message 105 to peer 0x55aafd188d20 (25 bytes)
1648703929.408515 sending message 105 to peer 0x55aafd188d20 (31 bytes)
1648703929.410734 sending message 105 to peer 0x55aafd188d20 (19 bytes)
1648703929.410742 sending message 105 to peer 0x55aafd188d20 (39 bytes)
1648703929.410748 sending message 105 to peer 0x55aafd188d20 (27 bytes)
1648703929.410756 sending message 105 to peer 0x55aafd188d20 (39 bytes)
1648703929.416916 sending message 105 to peer 0x55aafd188d20 (99 bytes)
1648703929.416924 sending message 105 to peer 0x55aafd188d20 (7 bytes)
1648703929.416938 sending message 105 to peer 0x55aafd188d20 (23 bytes)
1648703929.416946 sending message 105 to peer 0x55aafd188d20 (10 bytes)
1648703929.419686 sending message 105 to peer 0x55aafd188d20 (32 bytes)
1648703929.419693 sending message 105 to peer 0x55aafd188d20 (22 bytes)
1648703929.419700 sending message 105 to peer 0x55aafd188d20 (43 bytes)
1648703929.419706 sending message 105 to peer 0x55aafd188d20 (30 bytes)
1648703929.419714 sending message 105 to peer 0x55aafd188d20 (40 bytes)
1648703929.421772 sending message 105 to peer 0x55aafd188d20 (21 bytes)
1648703929.421779 sending message 105 to peer 0x55aafd188d20 (35 bytes)
1648703929.421785 sending message 105 to peer 0x55aafd188d20 (60 bytes)
1648703929.421792 sending message 105 to peer 0x55aafd188d20 (11 bytes)
1648703929.421800 sending message 105 to peer 0x55aafd188d20 (45 bytes)
1648703929.447904 sending message 105 to peer 0x55aafd188d20 (15 bytes)
1648703929.447912 sending message 105 to peer 0x55aafd188d20 (95 bytes)
1648703929.447919 sending message 105 to peer 0x55aafd188d20 (43 bytes)
1648703929.447925 sending message 105 to peer 0x55aafd188d20 (20 bytes)
1648703929.447934 sending message 105 to peer 0x55aafd188d20 (39 bytes)
1648703929.450304 sending message 105 to peer 0x55aafd188d20 (44 bytes)
1648703929.450312 sending message 105 to peer 0x55aafd188d20 (192 bytes)
1648703929.450318 sending message 105 to peer 0x55aafd188d20 (34 bytes)
1648703929.450326 sending message 105 to peer 0x55aafd188d20 (28 bytes)
1648703929.452773 sending message 105 to peer 0x55aafd188d20 (46 bytes)
1648703929.452796 sending message 105 to peer 0x55aafd188d20 (55 bytes)
1648703929.452843 sending message 105 to peer 0x55aafd188d20 (11 bytes)
1648703929.452856 sending message 105 to peer 0x55aafd188d20 (40 bytes)
1648703929.452869 sending message 105 to peer 0x55aafd188d20 (31 bytes)
1648703929.458033 sending message 105 to peer 0x55aafd188d20 (78 bytes)
1648703929.458042 sending message 105 to peer 0x55aafd188d20 (21 bytes)
1648703929.458063 sending message 105 to peer 0x55aafd188d20 (41 bytes)
1648703929.463669 sending message 105 to peer 0x55aafd188d20 (60 bytes)
1648703929.463676 sending message 105 to peer 0x55aafd188d20 (31 bytes)
1648703929.463685 sending message 105 to peer 0x55aafd188d20 (34 bytes)
1648703929.463708 sending message 105 to peer 0x55aafd188d20 (38 bytes)
1648703929.471008 sending message 105 to peer 0x55aafd188d20 (20 bytes)
1648703929.471016 sending message 105 to peer 0x55aafd188d20 (126 bytes)
1648703929.471024 sending message 105 to peer 0x55aafd188d20 (49 bytes)
1648703929.472965 sending message 105 to peer 0x55aafd188d20 (34 bytes)
1648703929.472972 sending message 105 to peer 0x55aafd188d20 (20 bytes)
1648703929.472980 sending message 105 to peer 0x55aafd188d20 (16 bytes)
1648703929.474877 sending message 105 to peer 0x55aafd188d20 (33 bytes)
1648703929.474886 sending message 105 to peer 0x55aafd188d20 (22 bytes)
1648703929.476983 sending message 105 to peer 0x55aafd188d20 (21 bytes)
1648703929.476990 sending message 105 to peer 0x55aafd188d20 (43 bytes)
1648703929.476997 sending message 105 to peer 0x55aafd188d20 (40 bytes)
1648703929.477003 sending message 105 to peer 0x55aafd188d20 (8 bytes)
1648703929.477011 sending message 105 to peer 0x55aafd188d20 (54 bytes)
1648703929.479911 sending message 105 to peer 0x55aafd188d20 (36 bytes)
1648703929.479918 sending message 105 to peer 0x55aafd188d20 (26 bytes)
1648703929.479925 sending message 105 to peer 0x55aafd188d20 (136 bytes)
1648703929.479931 sending message 105 to peer 0x55aafd188d20 (26 bytes)
1648703929.479939 sending message 105 to peer 0x55aafd188d20 (29 bytes)
1648703929.482141 sending message 105 to peer 0x55aafd188d20 (17 bytes)
1648703929.482155 sending message 105 to peer 0x55aafd188d20 (13 bytes)
1648703929.482167 sending message 105 to peer 0x55aafd188d20 (36 bytes)
1648703929.484844 sending message 105 to peer 0x55aafd188d20 (109 bytes)
1648703929.484852 sending message 105 to peer 0x55aafd188d20 (33 bytes)
1648703929.484858 sending message 105 to peer 0x55aafd188d20 (33 bytes)
1648703929.484868 sending message 105 to peer 0x55aafd188d20 (35 bytes)
1648703929.491232 sending message 105 to peer 0x55aafd188d20 (35 bytes)
1648703929.491240 sending message 105 to peer 0x55aafd188d20 (35 bytes)
1648703929.491247 sending message 105 to peer 0x55aafd188d20 (252 bytes)
1648703929.491254 sending message 105 to peer 0x55aafd188d20 (76 bytes)
1648703929.491274 sending message 105 to peer 0x55aafd188d20 (24 bytes)
1648703929.497367 sending message 105 to peer 0x55aafd188d20 (16 bytes)
1648703929.497383 sending message 105 to peer 0x55aafd188d20 (30 bytes)
1648703929.504488 sending message 105 to peer 0x55aafd188d20 (39 bytes)
1648703929.504496 sending message 105 to peer 0x55aafd188d20 (31 bytes)
1648703929.504502 sending message 105 to peer 0x55aafd188d20 (19 bytes)
1648703929.504508 sending message 105 to peer 0x55aafd188d20 (16 bytes)
1648703929.504516 sending message 105 to peer 0x55aafd188d20 (16 bytes)
1648703929.506604 sending message 106 to peer 0x55aafd188d20 (0 bytes)
1648703929.506612 sending message 200 to peer 0x55aafd188d20 (4 bytes)
1648703929.506618 client loop enter
1648703929.510237 peer 0x55aafd188d20 message 207
1648703929.510277 sending message 208 to peer 0x55aafd188d20 (0 bytes)
1648703936.316435 peer 0x55aafd188d20 message 201
1648703936.316966 sending message 205 to peer 0x55aafd188d20 (0 bytes)
1648703936.317247 peer 0x55aafd188d20 message 204
1648703936.323485 client loop exit
